<?xml version="1.0" encoding="UTF-8"?>
<testsuite name="text.CalculatorTest" tests="1" skipped="0" failures="0" errors="0" timestamp="2021-09-06T18:10:40" hostname="DESKTOP-DB4RSDF" time="4.624">
  <properties/>
  <testcase name="test1()" classname="text.CalculatorTest" time="4.624"/>
  <system-out><![CDATA[]]></system-out>
  <system-err><![CDATA[Starting ChromeDriver 92.0.4515.107 (87a818b10553a07434ea9e2b6dccf3cbe7895134-refs/branch-heads/4515@{#1634}) on port 42298
Only local connections are allowed.
Please see https://chromedriver.chromium.org/security-considerations for suggestions on keeping ChromeDriver safe.
ChromeDriver was started successfully.
сент. 06, 2021 9:10:42 PM org.openqa.selenium.remote.ProtocolHandshake createSession
INFO: Detected dialect: W3C
]]></system-err>
</testsuite>
